[handleMsg]:  {
  key: {
    remoteJid: '5216643701578@s.whatsapp.net',
    fromMe: false,
    id: '2AA287B50636A22D51181EAAFE765992',
    participant: undefined
  },
  messageTimestamp: 1710539073,
  pushName: '',
  broadcast: false,
  messageStubType: 2,
  messageStubParameters: [ 'Message absent from node' ],
  body: undefined,
  from: '5216643701578'
}
[handleMsg]:  {
  key: {
    remoteJid: '5216643701578@s.whatsapp.net',
    fromMe: false,
    id: '2AA287B50636A22D51181EAAFE765992',
    participant: undefined
  },
  messageTimestamp: 1710539074,
  pushName: '',
  broadcast: false,
  message: Message {
    extendedTextMessage: ExtendedTextMessage {
      text: 'Hola',
      previewType: 0,
      contextInfo: [ContextInfo],
      inviteLinkGroupTypeV2: 0
    },
    messageContextInfo: MessageContextInfo {
      deviceListMetadata: [DeviceListMetadata],
      deviceListMetadataVersion: 2
    }
  },
  body: 'Hola',
  from: '5216643701578'
}
[handleMsg]:  {
  key: {
    remoteJid: '5216643701578@s.whatsapp.net',
    fromMe: false,
    id: '2AA287B50636A22D51181EAAFE765992',
    participant: undefined
  },
  messageTimestamp: 1710539074,
  pushName: '',
  broadcast: false,
  message: Message {
    extendedTextMessage: ExtendedTextMessage {
      text: 'Hola',
      previewType: 0,
      contextInfo: [ContextInfo],
      inviteLinkGroupTypeV2: 0
    },
    messageContextInfo: MessageContextInfo {
      deviceListMetadata: [DeviceListMetadata],
      deviceListMetadataVersion: 2
    }
  },
  body: 'Hola',
  from: '5216643701578'
}
[QUEUE_SE_ENVIO]:  {
  ref: 'ans_ab01fd0a-5d1e-49d7-b7ae-5c7560ab383b',
  keyword: 'key_9f37d596-d8ba-4f20-aa32-432d398ae51e',
  answer: ' Hola, bienvenido. Elige una opci贸n:',
  options: {
    media: null,
    buttons: [],
    capture: false,
    child: null,
    delay: 0,
    idle: null,
    ref: null,
    nested: [],
    keyword: {},
    callback: false
  },
  refSerialize: 'c5ff15a94584119b870c9fba0215b5e8'
}
[QUEUE_SE_ENVIO]:  {
  ref: 'ans_ab01fd0a-5d1e-49d7-b7ae-5c7560ab383b',
  keyword: 'key_9f37d596-d8ba-4f20-aa32-432d398ae51e',
  answer: ' Hola, bienvenido. Elige una opci贸n:',
  options: {
    media: null,
    buttons: [],
    capture: false,
    child: null,
    delay: 0,
    idle: null,
    ref: null,
    nested: [],
    keyword: {},
    callback: false
  },
  refSerialize: 'c5ff15a94584119b870c9fba0215b5e8'
}
[QUEUE_SE_ENVIO]:  {
  ref: 'ans_588a74ec-93a5-408d-b404-3dbb734c3567',
  keyword: 'ans_ab01fd0a-5d1e-49d7-b7ae-5c7560ab383b',
  answer: ' *creditos* para informaci贸n sobre Cr茅ditos Optativos\n' +
    ' *profesional* para informaci贸n sobre Servicio Social Profesional\n' +
    ' *servicio* para informaci贸n sobre Servicio Profesional\n' +
    ' *practicas* para informaci贸n sobre Pr谩cticas Profesionales\n' +
    ' *titulacion* para informaci贸n sobre Titulaci贸n y Seguimiento',
  options: {
    media: null,
    buttons: [],
    capture: false,
    child: null,
    delay: 0,
    idle: null,
    ref: null,
    nested: [],
    keyword: {},
    callback: false
  },
  refSerialize: 'f1e8ff1f1ccc50ba5c1aa955d917a128'
}
[QUEUE_SE_ENVIO]:  {
  ref: 'ans_588a74ec-93a5-408d-b404-3dbb734c3567',
  keyword: 'ans_ab01fd0a-5d1e-49d7-b7ae-5c7560ab383b',
  answer: ' *creditos* para informaci贸n sobre Cr茅ditos Optativos\n' +
    ' *profesional* para informaci贸n sobre Servicio Social Profesional\n' +
    ' *servicio* para informaci贸n sobre Servicio Profesional\n' +
    ' *practicas* para informaci贸n sobre Pr谩cticas Profesionales\n' +
    ' *titulacion* para informaci贸n sobre Titulaci贸n y Seguimiento',
  options: {
    media: null,
    buttons: [],
    capture: false,
    child: null,
    delay: 0,
    idle: null,
    ref: null,
    nested: [],
    keyword: {},
    callback: false
  },
  refSerialize: 'f1e8ff1f1ccc50ba5c1aa955d917a128'
}
[handleMsg]:  {
  key: {
    remoteJid: '5216645299998@s.whatsapp.net',
    fromMe: false,
    id: 'FA3C4575ABC690F4D5',
    participant: undefined
  },
  messageTimestamp: 1710539076,
  pushName: 'Adrian RA',
  broadcast: false,
  message: Message {
    extendedTextMessage: ExtendedTextMessage { text: 'hola', contextInfo: [ContextInfo] },
    messageContextInfo: MessageContextInfo {
      deviceListMetadata: [DeviceListMetadata],
      deviceListMetadataVersion: 2
    }
  },
  body: 'hola',
  from: '5216645299998'
}
[QUEUE_SE_ENVIO]:  {
  ref: 'ans_ab01fd0a-5d1e-49d7-b7ae-5c7560ab383b',
  keyword: 'key_9f37d596-d8ba-4f20-aa32-432d398ae51e',
  answer: ' Hola, bienvenido. Elige una opci贸n:',
  options: {
    media: null,
    buttons: [],
    capture: false,
    child: null,
    delay: 0,
    idle: null,
    ref: null,
    nested: [],
    keyword: {},
    callback: false
  },
  refSerialize: 'c5ff15a94584119b870c9fba0215b5e8'
}
[QUEUE_SE_ENVIO]:  {
  ref: 'ans_588a74ec-93a5-408d-b404-3dbb734c3567',
  keyword: 'ans_ab01fd0a-5d1e-49d7-b7ae-5c7560ab383b',
  answer: ' *creditos* para informaci贸n sobre Cr茅ditos Optativos\n' +
    ' *profesional* para informaci贸n sobre Servicio Social Profesional\n' +
    ' *servicio* para informaci贸n sobre Servicio Profesional\n' +
    ' *practicas* para informaci贸n sobre Pr谩cticas Profesionales\n' +
    ' *titulacion* para informaci贸n sobre Titulaci贸n y Seguimiento',
  options: {
    media: null,
    buttons: [],
    capture: false,
    child: null,
    delay: 0,
    idle: null,
    ref: null,
    nested: [],
    keyword: {},
    callback: false
  },
  refSerialize: 'f1e8ff1f1ccc50ba5c1aa955d917a128'
}
[handleMsg]:  {
  key: {
    remoteJid: '5216645299998@s.whatsapp.net',
    fromMe: false,
    id: 'F91762A60791431308',
    participant: undefined
  },
  messageTimestamp: 1710539079,
  pushName: 'Adrian RA',
  broadcast: false,
  message: Message {
    extendedTextMessage: ExtendedTextMessage {
      text: 'creditos',
      contextInfo: [ContextInfo]
    },
    messageContextInfo: MessageContextInfo {
      deviceListMetadata: [DeviceListMetadata],
      deviceListMetadataVersion: 2
    }
  },
  body: 'creditos',
  from: '5216645299998'
}
[QUEUE_SE_ENVIO]:  {
  ref: 'ans_a32d6793-f54b-4263-88a0-5d9a2e1d003b',
  keyword: 'key_4d2d7eee-37fa-46e9-889b-1651d4a938af',
  answer: 'Para volver al men煤 principal, escribe *hola* o *inicio*.',
  options: {
    media: null,
    buttons: [],
    capture: false,
    child: null,
    delay: 0,
    idle: null,
    ref: null,
    nested: [],
    keyword: {},
    callback: false
  },
  refSerialize: '13eb9044bce551f0e69ecb5df88326c5'
}
[QUEUE_SE_ENVIO]:  {
  ref: 'ans_c34057e9-364c-44fc-b052-952ca3c30cc8',
  keyword: 'ans_a32d6793-f54b-4263-88a0-5d9a2e1d003b',
  answer: ' *actividades* 驴D贸nde puedo ver las actividades que puedo hacer para conseguir cr茅ditos optativos?\n' +
    ' *materias* 驴C贸mo pueden darse de alta materias optativas?\n' +
    ' *8* 驴Como funcionan? 8 = 1\n' +
    ' *cuantos* 驴Cuantos creditos optativos ocupamos y si ya los tenemos, que pasa?\n' +
    ' *maneras* 驴Que maneras hay de liberar creditos optativos?',
  options: {
    media: null,
    buttons: [],
    capture: false,
    child: null,
    delay: 0,
    idle: null,
    ref: null,
    nested: [],
    keyword: {},
    callback: false
  },
  refSerialize: '0e23a924f5a38ae78ec10d238ace2c1b'
}
[handleMsg]:  {
  key: {
    remoteJid: '5216645299998@s.whatsapp.net',
    fromMe: false,
    id: 'FFA882755FC667659D',
    participant: undefined
  },
  messageTimestamp: 1710539082,
  pushName: 'Adrian RA',
  broadcast: false,
  message: Message {
    extendedTextMessage: ExtendedTextMessage { text: 'maneras', contextInfo: [ContextInfo] },
    messageContextInfo: MessageContextInfo {
      deviceListMetadata: [DeviceListMetadata],
      deviceListMetadataVersion: 2
    }
  },
  body: 'maneras',
  from: '5216645299998'
}
[QUEUE_SE_ENVIO]:  {
  ref: 'ans_fadece9e-26ef-430a-9689-92176d478b2a',
  keyword: 'key_2679e3c1-be1c-40a5-826a-3a698ef25913',
  answer: 'Para volver al men煤 principal, escribe *hola* o *inicio*.',
  options: {
    media: null,
    buttons: [],
    capture: false,
    child: null,
    delay: 0,
    idle: null,
    ref: null,
    nested: [],
    keyword: {},
    callback: false
  },
  refSerialize: 'acdbd1b25f47193cbb87b82d07d1068e'
}
[QUEUE_SE_ENVIO]:  {
  ref: 'ans_efdb782b-425d-4df4-9c7c-41b7837a10ca',
  keyword: 'ans_fadece9e-26ef-430a-9689-92176d478b2a',
  answer: 'Existen multoples manera de obtener Materias optativas.\n' +
    'Acreditaci贸n de ingl茅s (Ingl茅s conversacional e ingl茅s t茅cnico para negocios).\n' +
    'Cursos MOOC.\n' +
    'Actividades 8 = 1.\n' +
    'Cat谩logo de Unidades de Aprendizaje en L铆nea (CUAL).\n' +
    'Ayudant铆as.\n' +
    'Evento acad茅mico en otro idioma.\n' +
    'Actividad deportiva.\n' +
    'Actividad cultural.\n' +
    'Actividades complementarias de formaci贸n integral.\n' +
    'Puedes obtener m谩s informaci贸n sobre las ofertas de MOOC y CUAL visitando las p谩ginas de CIAD UABC. Tambi茅n puedes consultar la p谩gina de Facebook de la facultad para ver anuncios sobre actividades 8 = 1, o acceder a la p谩gina de UABC 8 = 1 para leer informaci贸n completa sobre las actividades.\n' +
    'Para m谩s detalles:\n' +
    'Optativas: https://fca.tij.uabc.mx/optativas\n' +
    'MOOC: https://ciad.mxl.uabc.mx/oferta-mooc-2024-1/\n' +
    'CUAL: https://ciad.mxl.uabc.mx/cual/\n' +
    'Facebook: https://www.facebook.com/fcatijuana/\n' +
    'Ayudant铆as: https://sifpvu.uabc.mx\n' +
    'Cultura y Deporte: https://sifpvu.uabc.mx/security/logout\n' +
    'UABC 8 = 1: http://proyectosfcqi.tij.uabc.mx/eventos/login2.php',
  options: {
    media: null,
    buttons: [],
    capture: false,
    child: null,
    delay: 0,
    idle: null,
    ref: null,
    nested: [],
    keyword: {},
    callback: false
  },
  refSerialize: 'c8d55c35ecb6dd548cce4366b2a25de8'
}
[handleMsg]:  {
  key: {
    remoteJid: '5216643701578@s.whatsapp.net',
    fromMe: false,
    id: 'F735358B1FD69CF930835B4F695A5EDE',
    participant: undefined
  },
  messageTimestamp: 1710539122,
  pushName: '',
  broadcast: false,
  message: Message {
    conversation: 'Creditos',
    messageContextInfo: MessageContextInfo {
      deviceListMetadata: [DeviceListMetadata],
      deviceListMetadataVersion: 2
    }
  },
  body: 'Creditos',
  from: '5216643701578'
}
[QUEUE_SE_ENVIO]:  {
  ref: 'ans_a32d6793-f54b-4263-88a0-5d9a2e1d003b',
  keyword: 'key_4d2d7eee-37fa-46e9-889b-1651d4a938af',
  answer: 'Para volver al men煤 principal, escribe *hola* o *inicio*.',
  options: {
    media: null,
    buttons: [],
    capture: false,
    child: null,
    delay: 0,
    idle: null,
    ref: null,
    nested: [],
    keyword: {},
    callback: false
  },
  refSerialize: '13eb9044bce551f0e69ecb5df88326c5'
}
[QUEUE_SE_ENVIO]:  {
  ref: 'ans_c34057e9-364c-44fc-b052-952ca3c30cc8',
  keyword: 'ans_a32d6793-f54b-4263-88a0-5d9a2e1d003b',
  answer: ' *actividades* 驴D贸nde puedo ver las actividades que puedo hacer para conseguir cr茅ditos optativos?\n' +
    ' *materias* 驴C贸mo pueden darse de alta materias optativas?\n' +
    ' *8* 驴Como funcionan? 8 = 1\n' +
    ' *cuantos* 驴Cuantos creditos optativos ocupamos y si ya los tenemos, que pasa?\n' +
    ' *maneras* 驴Que maneras hay de liberar creditos optativos?',
  options: {
    media: null,
    buttons: [],
    capture: false,
    child: null,
    delay: 0,
    idle: null,
    ref: null,
    nested: [],
    keyword: {},
    callback: false
  },
  refSerialize: '0e23a924f5a38ae78ec10d238ace2c1b'
}
[handleMsg]:  {
  key: {
    remoteJid: '5216645299998@s.whatsapp.net',
    fromMe: false,
    id: '38D055F3811882FBF9',
    participant: undefined
  },
  messageTimestamp: 1710539140,
  pushName: 'Adrian RA',
  broadcast: false,
  message: Message {
    extendedTextMessage: ExtendedTextMessage { text: 'hola', contextInfo: [ContextInfo] },
    messageContextInfo: MessageContextInfo {
      deviceListMetadata: [DeviceListMetadata],
      deviceListMetadataVersion: 2
    }
  },
  body: 'hola',
  from: '5216645299998'
}
[QUEUE_SE_ENVIO]:  {
  ref: 'ans_ab01fd0a-5d1e-49d7-b7ae-5c7560ab383b',
  keyword: 'key_9f37d596-d8ba-4f20-aa32-432d398ae51e',
  answer: ' Hola, bienvenido. Elige una opci贸n:',
  options: {
    media: null,
    buttons: [],
    capture: false,
    child: null,
    delay: 0,
    idle: null,
    ref: null,
    nested: [],
    keyword: {},
    callback: false
  },
  refSerialize: 'c5ff15a94584119b870c9fba0215b5e8'
}
[QUEUE_SE_ENVIO]:  {
  ref: 'ans_588a74ec-93a5-408d-b404-3dbb734c3567',
  keyword: 'ans_ab01fd0a-5d1e-49d7-b7ae-5c7560ab383b',
  answer: ' *creditos* para informaci贸n sobre Cr茅ditos Optativos\n' +
    ' *profesional* para informaci贸n sobre Servicio Social Profesional\n' +
    ' *servicio* para informaci贸n sobre Servicio Profesional\n' +
    ' *practicas* para informaci贸n sobre Pr谩cticas Profesionales\n' +
    ' *titulacion* para informaci贸n sobre Titulaci贸n y Seguimiento',
  options: {
    media: null,
    buttons: [],
    capture: false,
    child: null,
    delay: 0,
    idle: null,
    ref: null,
    nested: [],
    keyword: {},
    callback: false
  },
  refSerialize: 'f1e8ff1f1ccc50ba5c1aa955d917a128'
}
[handleMsg]:  {
  key: {
    remoteJid: '5216643701578@s.whatsapp.net',
    fromMe: false,
    id: 'A9187D93CB95C31AA1A87166BE101E57',
    participant: undefined
  },
  messageTimestamp: 1710539161,
  pushName: '',
  broadcast: false,
  message: Message {
    conversation: 'Cuantos',
    messageContextInfo: MessageContextInfo {
      deviceListMetadata: [DeviceListMetadata],
      deviceListMetadataVersion: 2
    }
  },
  body: 'Cuantos',
  from: '5216643701578'
}
[QUEUE_SE_ENVIO]:  {
  ref: 'ans_18dbb2f9-9bd9-49b3-83ff-a890cf427dbd',
  keyword: 'key_95803008-7ad3-48c7-9933-c1ecb69341b3',
  answer: 'Para volver al men煤 principal, escribe *hola* o *inicio*.',
  options: {
    media: null,
    buttons: [],
    capture: false,
    child: null,
    delay: 0,
    idle: null,
    ref: null,
    nested: [],
    keyword: {},
    callback: false
  },
  refSerialize: '36ebb110d23ac45f835925b2a4ccdfed'
}
[QUEUE_SE_ENVIO]:  {
  ref: 'ans_0fe7ddb1-5d47-4bcb-9ef7-a33d1c94e54c',
  keyword: 'ans_18dbb2f9-9bd9-49b3-83ff-a890cf427dbd',
  answer: 'Los cr茅ditos optativos var铆an seg煤n la carrera:\n' +
    'Inteligencia de negocios: 52 cr茅ditos optativos.\n' +
    'Inform谩tica: 67 cr茅ditos optativos.\n' +
    'Contadur铆a: 70 cr茅ditos optativos.\n' +
    'Administraci贸n de empresas: 79 cr茅ditos optativos.\n' +
    'Negocios Internacionales: 62 cr茅ditos optativos.\n' +
    'Para m谩s detalles sobre la oferta educativa y la carta descriptiva de cada carrera,\n' +
    'visita la p谩gina web de FCA Campus Tijuana: https://fca.tij.uabc.mx/licenciatura',
  options: {
    media: null,
    buttons: [],
    capture: false,
    child: null,
    delay: 0,
    idle: null,
    ref: null,
    nested: [],
    keyword: {},
    callback: false
  },
  refSerialize: '3d73dc82ce23599b0d1f4536cb0a535a'
}
[handleMsg]:  {
  key: {
    remoteJid: '5216643701578@s.whatsapp.net',
    fromMe: false,
    id: '797CCE8B4A5DC3670D1ECBD2E72381E3',
    participant: undefined
  },
  messageTimestamp: 1710539195,
  pushName: '',
  broadcast: false,
  message: Message {
    conversation: 'Maneras',
    messageContextInfo: MessageContextInfo {
      deviceListMetadata: [DeviceListMetadata],
      deviceListMetadataVersion: 2
    }
  },
  body: 'Maneras',
  from: '5216643701578'
}
[QUEUE_SE_ENVIO]:  {
  ref: 'ans_fadece9e-26ef-430a-9689-92176d478b2a',
  keyword: 'key_2679e3c1-be1c-40a5-826a-3a698ef25913',
  answer: 'Para volver al men煤 principal, escribe *hola* o *inicio*.',
  options: {
    media: null,
    buttons: [],
    capture: false,
    child: null,
    delay: 0,
    idle: null,
    ref: null,
    nested: [],
    keyword: {},
    callback: false
  },
  refSerialize: 'acdbd1b25f47193cbb87b82d07d1068e'
}
[QUEUE_SE_ENVIO]:  {
  ref: 'ans_efdb782b-425d-4df4-9c7c-41b7837a10ca',
  keyword: 'ans_fadece9e-26ef-430a-9689-92176d478b2a',
  answer: 'Existen multoples manera de obtener Materias optativas.\n' +
    'Acreditaci贸n de ingl茅s (Ingl茅s conversacional e ingl茅s t茅cnico para negocios).\n' +
    'Cursos MOOC.\n' +
    'Actividades 8 = 1.\n' +
    'Cat谩logo de Unidades de Aprendizaje en L铆nea (CUAL).\n' +
    'Ayudant铆as.\n' +
    'Evento acad茅mico en otro idioma.\n' +
    'Actividad deportiva.\n' +
    'Actividad cultural.\n' +
    'Actividades complementarias de formaci贸n integral.\n' +
    'Puedes obtener m谩s informaci贸n sobre las ofertas de MOOC y CUAL visitando las p谩ginas de CIAD UABC. Tambi茅n puedes consultar la p谩gina de Facebook de la facultad para ver anuncios sobre actividades 8 = 1, o acceder a la p谩gina de UABC 8 = 1 para leer informaci贸n completa sobre las actividades.\n' +
    'Para m谩s detalles:\n' +
    'Optativas: https://fca.tij.uabc.mx/optativas\n' +
    'MOOC: https://ciad.mxl.uabc.mx/oferta-mooc-2024-1/\n' +
    'CUAL: https://ciad.mxl.uabc.mx/cual/\n' +
    'Facebook: https://www.facebook.com/fcatijuana/\n' +
    'Ayudant铆as: https://sifpvu.uabc.mx\n' +
    'Cultura y Deporte: https://sifpvu.uabc.mx/security/logout\n' +
    'UABC 8 = 1: http://proyectosfcqi.tij.uabc.mx/eventos/login2.php',
  options: {
    media: null,
    buttons: [],
    capture: false,
    child: null,
    delay: 0,
    idle: null,
    ref: null,
    nested: [],
    keyword: {},
    callback: false
  },
  refSerialize: 'c8d55c35ecb6dd548cce4366b2a25de8'
}
